     ORMD00USA Site Information Form
     FLDT Continuously Operating Reference Station
     See Instructions at:
       https://files.igs.org/pub/station/general/sitelog_instr.txt

0.   Form

     Prepared by (full name)  : Don Haw
     Date Prepared            : 2025-02-07
     Report Type              : UPDATE
     If Update:
      Previous Site Log       : ormd_20240220.log
      Modified/Added Sections : 3.23


1.   Site Identification of the GNSS Monument

     Site Name                : Ormond Beach
     Four Character ID        : ORMD
     Monument Inscription     :
     IERS DOMES Number        : 49527S001
     CDP Number               : (A4)
     Monument Description     : STEEL MAST
       Height of the Monument : (m)
       Monument Foundation    : ROOF
       Foundation Depth       : (m)
     Marker Description       : (CHISELLED CROSS/DIVOT/BRASS NAIL/etc)
     Date Installed           : 2002-12-31T00:00Z
     Geologic Characteristic  : (BEDROCK/CLAY/CONGLOMERATE/GRAVEL/SAND/etc)
       Bedrock Type           : (IGNEOUS/METAMORPHIC/SEDIMENTARY)
       Bedrock Condition      : (FRESH/JOINTED/WEATHERED)
       Fracture Spacing       : (1-10 cm/11-50 cm/51-200 cm/over 200 cm)
       Fault zones nearby     : (YES/NO/Name of the zone)
         Distance/activity    : (multiple lines)
     Additional Information   : (multiple lines)


2.   Site Location Information

     City or Town             : Ormond Beach
     State or Province        : Florida
     Country                  : United States
     Tectonic Plate           : North American
     Approximate Position (ITRF)
       X coordinate (m)       : 860375.757
       Y coordinate (m)       : -5499831.835
       Z coordinate (m)       : 3102756.748
       Latitude (N is +)      : +291753.49
       Longitude (E is +)     : -0810632.03
       Elevation (m,ellips.)  : -19.9
     Additional Information   : ARP IGS08 POSITION (EPOCH 2005.00)
                              : Computed in Aug 2011 using data through gpswk
                              : 1631.


3.   GNSS Receiver Information

3.1  Receiver Type            : ASHTECH Z-XII3
     Satellite System         : GPS
     Serial Number            : LP020000806
     Firmware Version         : CD00
     Elevation Cutoff Setting : (deg)
     Date Installed           : 2002-12-31
     Date Removed             : 2005-04-12
     Temperature Stabiliz.    : (none or tolerance in degrees C)
     Additional Information   : (multiple lines)

3.2  Receiver Type            : ASHTECH Z-XII3
     Satellite System         : GPS
     Serial Number            : 0220227872
     Firmware Version         : CD00
     Elevation Cutoff Setting : (deg)
     Date Installed           : 2005-04-12
     Date Removed             : 2013-12-10T00:00Z
     Temperature Stabiliz.    : (none or tolerance in degrees C)
     Additional Information   : Receiver change

3.3  Receiver Type            : LEICA GR10
     Satellite System         : GPS+GLO
     Serial Number            : 1701995
     Firmware Version         : 3.01/6.212
     Elevation Cutoff Setting : 10 deg
     Date Installed           : 2014-01-01T00:00Z
     Date Removed             : 2015-03-19
     Temperature Stabiliz.    : (none or tolerance in degrees C)
     Additional Information   : new receiver

3.4  Receiver Type            : LEICA GR10
     Satellite System         : GPS+GLO
     Serial Number            : 1701995
     Firmware Version         : 3.11/6.403
     Elevation Cutoff Setting : 10 deg
     Date Installed           : 2015-03-19
     Date Removed             : 2015-09-05
     Temperature Stabiliz.    : (none or tolerance in degrees C)
     Additional Information   : new firmware

3.5  Receiver Type            : LEICA GR10
     Satellite System         : GPS+GLO
     Serial Number            : 1701995
     Firmware Version         : 3.21/6.403
     Elevation Cutoff Setting : 10 deg
     Date Installed           : 2015-09-05
     Date Removed             : 2015-10-30
     Temperature Stabiliz.    : (none or tolerance in degrees C)
     Additional Information   : new firmware

3.6  Receiver Type            : LEICA GR10
     Satellite System         : GPS+GLO
     Serial Number            : 1701995
     Firmware Version         : 3.22/6.521
     Elevation Cutoff Setting : 10 deg
     Date Installed           : 2015-10-30
     Date Removed             : 2016-06-02
     Temperature Stabiliz.    : (none or tolerance in degrees C)
     Additional Information   : new firmware

3.7  Receiver Type            : LEICA GR10
     Satellite System         : GPS+GLO
     Serial Number            : 1701995
     Firmware Version         : 4.00/6.522
     Elevation Cutoff Setting : 10 deg
     Date Installed           : 2016-06-02
     Date Removed             : 2016-11-09
     Temperature Stabiliz.    : (none or tolerance in degrees C)
     Additional Information   : new firmware

3.8  Receiver Type            : LEICA GR10
     Satellite System         : GPS+GLO
     Serial Number            : 1701995
     Firmware Version         : 4.02/6.522
     Elevation Cutoff Setting : 10 deg
     Date Installed           : 2016-11-09
     Date Removed             : 2017-01-31
     Temperature Stabiliz.    : (none or tolerance in degrees C)
     Additional Information   : new firmware

3.9  Receiver Type            : LEICA GR30
     Satellite System         : GPS+GLO
     Serial Number            : 1702053
     Firmware Version         : 4.10/6.523
     Elevation Cutoff Setting : 0 deg
     Date Installed           : 2017-01-31
     Date Removed             : 2017-02-24
     Temperature Stabiliz.    : (none or tolerance in degrees C)
     Additional Information   : new antenna

3.10 Receiver Type            : LEICA GR30
     Satellite System         : GPS+GLO
     Serial Number            : 1702053
     Firmware Version         : 4.11/6.523
     Elevation Cutoff Setting : 0 deg
     Date Installed           : 2017-02-24
     Date Removed             : 2017-03-27
     Temperature Stabiliz.    : (none or tolerance in degrees C)
     Additional Information   : new firmware

3.11 Receiver Type            : LEICA GR30
     Satellite System         : GPS+GLO
     Serial Number            : 1702053
     Firmware Version         : 4.11/7.102
     Elevation Cutoff Setting : 0 deg
     Date Installed           : 2017-03-27
     Date Removed             : 2018-02-23T10:09Z
     Temperature Stabiliz.    : (none or tolerance in degrees C)
     Additional Information   : new firmware

3.12 Receiver Type            : LEICA GR30
     Satellite System         : GPS+GLO
     Serial Number            : 1702053
     Firmware Version         : 4.20/7.300
     Elevation Cutoff Setting : 0 deg
     Date Installed           : 2018-02-23T10:09Z
     Date Removed             : 2018-08-04T10:04Z
     Temperature Stabiliz.    : (none or tolerance in degrees C)
     Additional Information   : new firmware

3.13 Receiver Type            : LEICA GR30
     Satellite System         : GPS+GLO
     Serial Number            : 1702053
     Firmware Version         : 4.30/7.402
     Elevation Cutoff Setting : 0 deg
     Date Installed           : 2018-08-04T10:04Z
     Date Removed             : 2020-05-09T06:00Z
     Temperature Stabiliz.    : (none or tolerance in degrees C)
     Additional Information   : (multiple lines)

3.14 Receiver Type            : LEICA GR30
     Satellite System         : GPS+GLO
     Serial Number            : 1702053
     Firmware Version         : 4.31/7.403
     Elevation Cutoff Setting : 0 deg
     Date Installed           : 2020-05-09T06:00Z
     Date Removed             : 2021-07-01T19:37Z
     Temperature Stabiliz.    : (none or tolerance in degrees C)
     Additional Information   : firmware

3.15 Receiver Type            : LEICA GR30
     Satellite System         : GPS+GLO
     Serial Number            : 1702053
     Firmware Version         : 4.50/7.710
     Elevation Cutoff Setting : 0 deg
     Date Installed           : 2021-07-01T19:37Z
     Date Removed             : 2021-10-19T10:07Z
     Temperature Stabiliz.    : (none or tolerance in degrees C)
     Additional Information   : firmware

3.16 Receiver Type            : LEICA GR30
     Satellite System         : GPS+GLO
     Serial Number            : 1702053
     Firmware Version         : 4.51/7.710
     Elevation Cutoff Setting : 0 deg
     Date Installed           : 2021-10-19T10:07Z
     Date Removed             : 2022-01-20
     Temperature Stabiliz.    : (none or tolerance in degrees C)
     Additional Information   : firmware

3.17 Receiver Type            : LEICA GR30
     Satellite System         : GPS+GLO
     Serial Number            : 1702053
     Firmware Version         : 4.52/7.711
     Elevation Cutoff Setting : 0 deg
     Date Installed           : 2022-01-20
     Date Removed             : 2022-07-22T10:05Z
     Temperature Stabiliz.    : (none or tolerance in degrees C)
     Additional Information   : firmware

3.18 Receiver Type            : LEICA GR30
     Satellite System         : GPS+GLO
     Serial Number            : 1702053
     Firmware Version         : 4.60/7.811
     Elevation Cutoff Setting : 0 deg
     Date Installed           : 2022-07-22T10:05Z
     Date Removed             : 2022-11-10T12:00Z
     Temperature Stabiliz.    : (none or tolerance in degrees C)
     Additional Information   : new firmware

3.19 Receiver Type            : LEICA GR30
     Satellite System         : GPS+GLO+GAL
     Serial Number            : 1702053
     Firmware Version         : 4.61/7.811
     Elevation Cutoff Setting : 0 deg
     Date Installed           : 2022-11-10T12:00Z
     Date Removed             : 2023-03-21T12:51Z
     Temperature Stabiliz.    : (none or tolerance in degrees C)
     Additional Information   : (multiple lines)

3.20 Receiver Type            : LEICA GR50
     Satellite System         : GPS+GLO+GAL+BDS
     Serial Number            : 2090806
     Firmware Version         : 4.61/7.811
     Elevation Cutoff Setting : 0 deg
     Date Installed           : 2023-03-21T12:51Z
     Date Removed             : 2023-08-11T03:29Z
     Temperature Stabiliz.    : (none or tolerance in degrees C)
     Additional Information   : new receiver

3.21 Receiver Type            : LEICA GR50
     Satellite System         : GPS+GLO+GAL+BDS
     Serial Number            : 2090806
     Firmware Version         : 4.70/7.813
     Elevation Cutoff Setting : 0 deg
     Date Installed           : 2023-08-11T03:29Z
     Date Removed             : 2024-02-15T10:04Z
     Temperature Stabiliz.    : (none or tolerance in degrees C)
     Additional Information   : new firmware

3.22 Receiver Type            : LEICA GR50
     Satellite System         : GPS+GLO+GAL+BDS
     Serial Number            : 2090806
     Firmware Version         : 4.80/7.900
     Elevation Cutoff Setting : 0 deg
     Date Installed           : 2024-02-15T10:04Z
     Date Removed             : 2025-01-10T10:03Z
     Temperature Stabiliz.    : (none or tolerance in degrees C)
     Additional Information   : new firmware

3.23 Receiver Type            : LEICA GR50
     Satellite System         : GPS+GLO+GAL+BDS
     Serial Number            : 2090806
     Firmware Version         : 4.82/7.900
     Elevation Cutoff Setting : 0 deg
     Date Installed           : 2025-01-10T10:03Z
     Date Removed             : (CCYY-MM-DDThh:mmZ)
     Temperature Stabiliz.    : (none or tolerance in degrees C)
     Additional Information   : new firmware

3.x  Receiver Type            : (A20, from rcvr_ant.tab; see instructions)
     Satellite System         : (GPS+GLO+GAL+BDS+QZSS+SBAS)
     Serial Number            : (A20, but note the first A5 is used in SINEX)
     Firmware Version         : (A11)
     Elevation Cutoff Setting : (deg)
     Date Installed           : (CCYY-MM-DDThh:mmZ)
     Date Removed             : (CCYY-MM-DDThh:mmZ)
     Temperature Stabiliz.    : (none or tolerance in degrees C)
     Additional Information   : (multiple lines)


4.   GNSS Antenna Information

4.1  Antenna Type             : ASH701945C_M    SCIS
     Serial Number            : 1999040127
     Antenna Reference Point  : BPA
     Marker->ARP Up Ecc. (m)  : 0.0000
     Marker->ARP North Ecc(m) : 0.0000
     Marker->ARP East Ecc(m)  : 0.0000
     Alignment from True N    :
     Antenna Radome Type      : SCIS
     Radome Serial Number     : (A4 from rcvr_ant.tab; see instructions)
     Antenna Cable Type       : (vendor & type number)
     Antenna Cable Length     : (m)
     Date Installed           : 2002-12-31
     Date Removed             : 2013-12-10
     Additional Information   : (multiple lines)

4.2  Antenna Type             : LEIAR20         NONE
     Serial Number            : 16268007
     Antenna Reference Point  : BAM
     Marker->ARP Up Ecc. (m)  : 0.0000
     Marker->ARP North Ecc(m) : 0.0000
     Marker->ARP East Ecc(m)  : 0.0000
     Alignment from True N    :
     Antenna Radome Type      : NONE
     Radome Serial Number     : (A4 from rcvr_ant.tab; see instructions)
     Antenna Cable Type       : (vendor & type number)
     Antenna Cable Length     : (m)
     Date Installed           : 2013-12-10
     Date Removed             : 2023-03-21T12:51Z
     Additional Information   : 2013-12-31 antenna change and mount fix
                              :   antenna adjusted +0.0015 m vertically

4.3  Antenna Type             : LEIAR20         LEIM
     Serial Number            : 24344024
     Antenna Reference Point  : BAM
     Marker->ARP Up Ecc. (m)  : 0.0000
     Marker->ARP North Ecc(m) : 0.0000
     Marker->ARP East Ecc(m)  : 0.0000
     Alignment from True N    : 0 deg
     Antenna Radome Type      : LEIM
     Radome Serial Number     : (A4 from rcvr_ant.tab; see instructions)
     Antenna Cable Type       : (vendor & type number)
     Antenna Cable Length     : (m)
     Date Installed           : 2023-03-21T12:51Z
     Date Removed             : (CCYY-MM-DDThh:mmZ)
     Additional Information   : new antenna

4.x  Antenna Type             : (A20, from rcvr_ant.tab; see instructions)
     Serial Number            : (A*, but note the first A5 is used in SINEX)
     Antenna Reference Point  : (BPA/BCR/XXX from "antenna.gra"; see instr.)
     Marker->ARP Up Ecc. (m)  : (F8.4)
     Marker->ARP North Ecc(m) : (F8.4)
     Marker->ARP East Ecc(m)  : (F8.4)
     Alignment from True N    : (deg; + is clockwise/east)
     Antenna Radome Type      : (A4 from rcvr_ant.tab; see instructions)
     Radome Serial Number     :
     Antenna Cable Type       : (vendor & type number)
     Antenna Cable Length     : (m)
     Date Installed           : (CCYY-MM-DDThh:mmZ)
     Date Removed             : (CCYY-MM-DDThh:mmZ)
     Additional Information   : (multiple lines)


5.   Surveyed Local Ties

5.x  Tied Marker Name         :
     Tied Marker Usage        : (SLR/VLBI/LOCAL CONTROL/FOOTPRINT/etc)
     Tied Marker CDP Number   : (A4)
     Tied Marker DOMES Number : (A9)
     Differential Components from GNSS Marker to the tied monument (ITRS)
       dx (m)                 : (m)
       dy (m)                 : (m)
       dz (m)                 : (m)
     Accuracy (mm)            : (mm)
     Survey method            : (GPS CAMPAIGN/TRILATERATION/TRIANGULATION/etc)
     Date Measured            : (CCYY-MM-DDThh:mmZ)
     Additional Information   : (multiple lines)


6.   Frequency Standard

6.1  Standard Type            : INTERNAL
       Input Frequency        : (if external)
       Effective Dates        : 2002-12-31/CCYY-MM-DD
       Notes                  : (multiple lines)

6.x  Standard Type            : (INTERNAL or EXTERNAL H-MASER/CESIUM/etc)
       Input Frequency        : (if external)
       Effective Dates        : (CCYY-MM-DD/CCYY-MM-DD)
       Notes                  : (multiple lines)


7.   Collocation Information

7.x  Instrumentation Type     : (GPS/GLONASS/DORIS/PRARE/SLR/VLBI/TIME/etc)
       Status                 : (PERMANENT/MOBILE)
       Effective Dates        : (CCYY-MM-DD/CCYY-MM-DD)
       Notes                  : (multiple lines)


8.   Meteorological Instrumentation

8.1.x Humidity Sensor Model   :
       Manufacturer           :
       Serial Number          :
       Data Sampling Interval : (sec)
       Accuracy (% rel h)     : (% rel h)
       Aspiration             : (UNASPIRATED/NATURAL/FAN/etc)
       Height Diff to Ant     : (m)
       Calibration date       : (CCYY-MM-DD)
       Effective Dates        : (CCYY-MM-DD/CCYY-MM-DD)
       Notes                  : (multiple lines)

8.2.x Pressure Sensor Model   :
       Manufacturer           :
       Serial Number          :
       Data Sampling Interval : (sec)
       Accuracy               : (hPa)
       Height Diff to Ant     : (m)
       Calibration date       : (CCYY-MM-DD)
       Effective Dates        : (CCYY-MM-DD/CCYY-MM-DD)
       Notes                  : (multiple lines)

8.3.x Temp. Sensor Model      :
       Manufacturer           :
       Serial Number          :
       Data Sampling Interval : (sec)
       Accuracy               : (deg C)
       Aspiration             : (UNASPIRATED/NATURAL/FAN/etc)
       Height Diff to Ant     : (m)
       Calibration date       : (CCYY-MM-DD)
       Effective Dates        : (CCYY-MM-DD/CCYY-MM-DD)
       Notes                  : (multiple lines)

8.4.x Water Vapor Radiometer  :
       Manufacturer           :
       Serial Number          :
       Distance to Antenna    : (m)
       Height Diff to Ant     : (m)
       Calibration date       : (CCYY-MM-DD)
       Effective Dates        : (CCYY-MM-DD/CCYY-MM-DD)
       Notes                  : (multiple lines)

8.5.x Other Instrumentation   : (multiple lines)


9.   Local Ongoing Conditions Possibly Affecting Computed Position

9.1.x Radio Interference      : (TV/CELL PHONE ANTENNA/RADAR/etc)
       Observed Degradations  : (SN RATIO/DATA GAPS/etc)
       Effective Dates        : (CCYY-MM-DD/CCYY-MM-DD)
       Additional Information : (multiple lines)

9.2.x Multipath Sources       : (METAL ROOF/DOME/VLBI ANTENNA/etc)
       Effective Dates        : (CCYY-MM-DD/CCYY-MM-DD)
       Additional Information : (multiple lines)

9.3.x Signal Obstructions     : (TREES/BUILDLINGS/etc)
       Effective Dates        : (CCYY-MM-DD/CCYY-MM-DD)
       Additional Information : (multiple lines)


10.  Local Episodic Effects Possibly Affecting Data Quality

10.x Date                     : (CCYY-MM-DD/CCYY-MM-DD)
     Event                    : (TREE CLEARING/CONSTRUCTION/etc)


11.  On-Site, Point of Contact Agency Information

     Agency                   : Florida Department of Transportation
     Preferred Abbreviation   : FDOT
     Mailing Address          : 605 Suwannee Street
                              : Tallahassee, FL  32399
     Primary Contact
       Contact Name           : Ron Hanson
       Telephone (primary)    : 855-414-4254
       Telephone (secondary)  : 850-510-8596
       Fax                    :
       E-mail                 : ronald.hanson@dot.state.fl.us
     Secondary Contact
       Contact Name           : Scott Harper
       Telephone (primary)    : 850-414-4596
       Telephone (secondary)  : 850-728-1240
       Fax                    :
       E-mail                 : scott.harper@dot.state.fl.us
     Additional Information   : (multiple lines)


12.  Responsible Agency (if different from 11.)

     Agency                   : (multiple lines)
     Preferred Abbreviation   : (A10)
     Mailing Address          : (multiple lines)
     Primary Contact
       Contact Name           :
       Telephone (primary)    :
       Telephone (secondary)  :
       Fax                    :
       E-mail                 :
     Secondary Contact
       Contact Name           :
       Telephone (primary)    :
       Telephone (secondary)  :
       Fax                    :
       E-mail                 :
     Additional Information   : (multiple lines)


13.  More Information

     Primary Data Center      : https://geodesy.noaa.gov/corsdata/
     Secondary Data Center    : 
     URL for More Information : https://geodesy.noaa.gov/CORS
     Hardcopy on File
       Site Map               : (Y or URL)
       Site Diagram           : (Y or URL)
       Horizon Mask           : (Y or URL)
       Monument Description   : (Y or URL)
       Site Pictures          : (Y or URL)
     Additional Information   : (multiple lines)
     Antenna Graphics with Dimensions
       https://files.igs.org/pub/station/general/antenna.gra
 


